<?xml version="1.0" encoding="UTF-8"?>
<testng-results skipped="0" failed="0" ignored="0" total="1" passed="1">
  <reporter-output>
  </reporter-output>
  <suite name="Default suite" duration-ms="3199" started-at="2019-02-20T21:15:23Z" finished-at="2019-02-20T21:15:26Z">
    <groups>
    </groups>
    <test name="Default test" duration-ms="3199" started-at="2019-02-20T21:15:23Z" finished-at="2019-02-20T21:15:26Z">
      <class name="PostBasico">
        <test-method status="PASS" signature="postData()[pri:0, instance:PostBasico@4e1d422d]" name="postData" duration-ms="3160" started-at="2019-02-20T21:15:23Z" finished-at="2019-02-20T21:15:26Z">
          <reporter-output>
          </reporter-output>
        </test-method> <!-- postData -->
      </class> <!-- PostBasico -->
    </test> <!-- Default test -->
  </suite> <!-- Default suite -->
</testng-results>
