<?xml version="1.0" encoding="UTF-8"?>
<testng-results skipped="0" failed="0" ignored="0" total="1" passed="1">
  <reporter-output>
  </reporter-output>
  <suite name="Default suite" duration-ms="13462" started-at="2019-02-21T00:00:58Z" finished-at="2019-02-21T00:01:11Z">
    <groups>
    </groups>
    <test name="Default test" duration-ms="13462" started-at="2019-02-21T00:00:58Z" finished-at="2019-02-21T00:01:11Z">
      <class name="AddDeleteBasico">
        <test-method status="PASS" signature="getData()[pri:0, instance:AddDeleteBasico@3632be31]" name="getData" is-config="true" duration-ms="18" started-at="2019-02-21T00:00:58Z" finished-at="2019-02-21T00:00:58Z">
          <reporter-output>
          </reporter-output>
        </test-method> <!-- getData -->
        <test-method status="PASS" signature="AddandDeletePlace()[pri:0, instance:AddDeleteBasico@3632be31]" name="AddandDeletePlace" duration-ms="13414" started-at="2019-02-21T00:00:58Z" finished-at="2019-02-21T00:01:11Z">
          <reporter-output>
          </reporter-output>
        </test-method> <!-- AddandDeletePlace -->
      </class> <!-- AddDeleteBasico -->
    </test> <!-- Default test -->
  </suite> <!-- Default suite -->
</testng-results>
